<?xml version="1.0" encoding="UTF-8"?>
<!-- Generated by org.testng.reporters.JUnitReportReporter -->
<testsuite skipped="1" hostname="SR-Acer" name="com.selnum.testng.MyFirstTestNg" tests="5" failures="0" timestamp="2019-11-16T06:27:24 EST" time="0.019" errors="0">
  <testcase name="deleteUser" time="0.002" classname="com.selnum.testng.MyFirstTestNg"/>
  <testcase name="createUser" time="0.011" classname="com.selnum.testng.MyFirstTestNg"/>
  <testcase name="createUser" time="0.003" classname="com.selnum.testng.MyFirstTestNg"/>
  <testcase name="editUser" time="0.003" classname="com.selnum.testng.MyFirstTestNg"/>
  <testcase name="firstTestNgMethod" classname="com.selnum.testng.MyFirstTestNg">
    <skipped/>
  </testcase> <!-- firstTestNgMethod -->
</testsuite> <!-- com.selnum.testng.MyFirstTestNg -->
