<?xml version="1.0" encoding="UTF-8"?>
<!-- Generated by org.testng.reporters.JUnitReportReporter -->
<testsuite skipped="0" hostname="SR-Acer" name="com.selnum.testng.LoginGmail" tests="1" failures="0" timestamp="2019-11-27T08:29:17 EST" time="16.145" errors="0">
  <testcase name="regUserException" time="16.145" classname="com.selnum.testng.LoginGmail"/>
</testsuite> <!-- com.selnum.testng.LoginGmail -->
