<?xml version="1.0" encoding="UTF-8"?>
<!-- Generated by org.testng.reporters.JUnitReportReporter -->
<testsuite skipped="1" hostname="SR-Acer" name="com.selnum.educasestudies.RegisteredUserException" tests="2" failures="0" timestamp="2019-11-26T05:59:40 EST" time="35.589" errors="0">
  <testcase name="regUserException" time="35.589" classname="com.selnum.educasestudies.RegisteredUserException"/>
  <testcase name="logInRegUser" classname="com.selnum.educasestudies.RegisteredUserException">
    <skipped/>
  </testcase> <!-- logInRegUser -->
</testsuite> <!-- com.selnum.educasestudies.RegisteredUserException -->
