<?xml version="1.0" encoding="UTF-8"?>
<!-- Generated by org.testng.reporters.JUnitReportReporter -->
<testsuite skipped="0" hostname="SR-Acer" name="com.selnum.educasestudies.FlipkartScreenShot" tests="1" failures="0" timestamp="2019-12-05T14:02:07 EST" time="51.358" errors="0">
  <testcase name="flipkart" time="51.358" classname="com.selnum.educasestudies.FlipkartScreenShot"/>
</testsuite> <!-- com.selnum.educasestudies.FlipkartScreenShot -->
