<?xml version="1.0" encoding="UTF-8"?>
<!-- Generated by org.testng.reporters.JUnitReportReporter -->
<testsuite skipped="1" hostname="SR-Acer" name="com.selnum.educasestudies.RegisteredUserException" tests="2" failures="0" timestamp="2019-11-25T06:38:25 EST" time="30.717" errors="0">
  <testcase name="logInRegUser" time="30.717" classname="com.selnum.educasestudies.RegisteredUserException"/>
  <testcase name="regUserException" classname="com.selnum.educasestudies.RegisteredUserException">
    <skipped/>
  </testcase> <!-- regUserException -->
</testsuite> <!-- com.selnum.educasestudies.RegisteredUserException -->
